Command line:
   TBW_SRFF_isim_beh.exe
     -simmode  gui
     -simrunnum  0
     -socket  55918

Tue Mar 21 01:22:56 2023


 Elaboration Time: 0.046875 sec

 Current Memory Usage: 5151.54 Meg

 Total Signals          : 10
 Total Nets             : 5
 Total Signal Drivers   : 5
 Total Blocks           : 3
 Total Primitive Blocks : 2
 Total Processes        : 2
 Total Traceable Variables  : 8
 Total Scalar Nets and Variables : 365
Total Line Count : 19

 Total Simulation Time: 0.046875 sec

 Current Memory Usage: 5151.54 Meg

Tue Mar 21 01:23:06 2023

