Running: C:\Xilinx\14.7\ISE_DS\ISE\bin\nt64\unwrapped\fuse.exe -intstyle ise -incremental -o C:/ISE Project/Dovahsevenseggsdis/Do7seggs_isim_beh.exe -prj C:/ISE Project/Dovahsevenseggsdis/Do7seggs_beh.prj work.Do7seggs 
ISim P.20131013 (signature 0x7708f090)
Number of CPUs detected in this system: 12
Turning on mult-threading, number of parallel sub-compilation jobs: 24 
Determining compilation order of HDL files
Parsing VHDL file "C:/ISE Project/Dovahsevenseggsdis/sevenseggsdis.vhd" into library work
Parsing VHDL file "C:/ISE Project/Dovahsevenseggsdis/seven.vhd" into library work
Starting static elaboration
Completed static elaboration
Compiling package standard
Compiling package std_logic_1164
Compiling package std_logic_arith
Compiling package std_logic_unsigned
Compiling architecture behavioral of entity Dovah7seggs [dovah7seggs_default]
Compiling architecture behavior of entity do7seggs
Time Resolution for simulation is 1ps.
Waiting for 1 sub-compilation(s) to finish...
Compiled 7 VHDL Units
Built simulation executable C:/ISE Project/Dovahsevenseggsdis/Do7seggs_isim_beh.exe
Fuse Memory Usage: 34936 KB
Fuse CPU Usage: 358 ms
