Running: C:\Xilinx\14.7\ISE_DS\ISE\bin\nt64\unwrapped\fuse.exe -intstyle ise -incremental -o C:/ISE Project/Dovahfullsubt/uckkcuk_isim_beh.exe -prj C:/ISE Project/Dovahfullsubt/uckkcuk_beh.prj work.uckkcuk 
ISim P.20131013 (signature 0x7708f090)
Number of CPUs detected in this system: 12
Turning on mult-threading, number of parallel sub-compilation jobs: 24 
Determining compilation order of HDL files
Parsing VHDL file "C:/ISE Project/Dovahfullsubt/ggxfgf.vhd" into library work
Parsing VHDL file "C:/ISE Project/Dovahfullsubt/uckkcuk.vhd" into library work
Starting static elaboration
Completed static elaboration
Compiling package standard
Compiling package std_logic_1164
Compiling package std_logic_arith
Compiling package std_logic_unsigned
Compiling architecture behavioral of entity ggxfgf [ggxfgf_default]
Compiling architecture behavior of entity uckkcuk
Time Resolution for simulation is 1ps.
Compiled 7 VHDL Units
Built simulation executable C:/ISE Project/Dovahfullsubt/uckkcuk_isim_beh.exe
Fuse Memory Usage: 34824 KB
Fuse CPU Usage: 358 ms
