Command line:
   multiulti_isim_beh.exe
     -simmode  gui
     -simrunnum  0
     -socket  57506

Wed Mar 29 01:24:32 2023


 Elaboration Time: 0.015625 sec

 Current Memory Usage: 5150.92 Meg

 Total Signals          : 4
 Total Nets             : 11
 Total Signal Drivers   : 2
 Total Blocks           : 3
 Total Primitive Blocks : 2
 Total Processes        : 2
 Total Traceable Variables  : 8
 Total Scalar Nets and Variables : 371
Total Line Count : 26

 Total Simulation Time: 0.015625 sec

 Current Memory Usage: 4679.06 Meg

Wed Mar 29 01:32:13 2023

