Command line:
   fulladd_isim_beh.exe
     -simmode  gui
     -simrunnum  0
     -socket  50300

Sun Feb 05 21:47:24 2023


 Elaboration Time: 0.046875 sec

 Current Memory Usage: 5151.55 Meg

 Total Signals          : 10
 Total Nets             : 5
 Total Signal Drivers   : 5
 Total Blocks           : 3
 Total Primitive Blocks : 2
 Total Processes        : 2
 Total Traceable Variables  : 8
 Total Scalar Nets and Variables : 365
Total Line Count : 40

 Total Simulation Time: 0.046875 sec

 Current Memory Usage: 5151.55 Meg

Sun Feb 05 21:47:33 2023

