Command line:
   uckkcuk_isim_beh.exe
     -simmode  gui
     -simrunnum  0
     -socket  50233

Fri Jan 27 23:25:34 2023


 Elaboration Time: 0.015625 sec

 Current Memory Usage: 5151.64 Meg

 Total Signals          : 10
 Total Nets             : 5
 Total Signal Drivers   : 5
 Total Blocks           : 5
 Total Primitive Blocks : 4
 Total Processes        : 2
 Total Traceable Variables  : 10
 Total Scalar Nets and Variables : 383
Total Line Count : 39

 Total Simulation Time: 0.015625 sec

 Current Memory Usage: 5151.64 Meg

Fri Jan 27 23:26:00 2023

