Command line:
   fulladd_isim_beh.exe
     -simmode  gui
     -simrunnum  0
     -socket  50283

Sun Feb 05 21:46:30 2023


 Elaboration Time: 0 sec

 Current Memory Usage: 5151.53 Meg

 Total Signals          : 5
 Total Nets             : 5
 Total Signal Drivers   : 3
 Total Blocks           : 2
 Total Primitive Blocks : 2
 Total Processes        : 1
 Total Traceable Variables  : 8
 Total Scalar Nets and Variables : 365
Total Line Count : 33

 Total Simulation Time: 0.015625 sec

 Current Memory Usage: 5151.53 Meg

Sun Feb 05 21:46:46 2023

