Command line:
   TBW_TFF_isim_beh.exe
     -simmode  gui
     -simrunnum  0
     -socket  50125

Mon Mar 20 23:43:15 2023


 Elaboration Time: 0.015625 sec

 Current Memory Usage: 5151.54 Meg

 Total Signals          : 8
 Total Nets             : 4
 Total Signal Drivers   : 6
 Total Blocks           : 3
 Total Primitive Blocks : 2
 Total Processes        : 2
 Total Traceable Variables  : 8
 Total Scalar Nets and Variables : 364
Total Line Count : 10

 Total Simulation Time: 0.015625 sec

 Current Memory Usage: 4994.25 Meg

Mon Mar 20 23:44:49 2023

