Command line:
   TBW_isim_beh.exe
     -simmode  gui
     -simrunnum  1
     -socket  59143

Tue Mar 14 03:39:16 2023


 Elaboration Time: 0.03125 sec

 Current Memory Usage: 5151.03 Meg

 Total Signals          : 75
 Total Nets             : 45
 Total Signal Drivers   : 27
 Total Blocks           : 16
 Total Primitive Blocks : 12
 Total Processes        : 23
 Total Traceable Variables  : 10
 Total Scalar Nets and Variables : 423
Total Line Count : 107

 Total Simulation Time: 0.125 sec

 Current Memory Usage: 4679.17 Meg

Tue Mar 14 03:42:19 2023

