Command line:
   TBW_Full_Adder_isim_beh.exe
     -simmode  gui
     -simrunnum  0
     -socket  57955

Wed Mar 29 02:01:11 2023


 Elaboration Time: 0.03125 sec

 Current Memory Usage: 5151.54 Meg

 Total Signals          : 10
 Total Nets             : 5
 Total Signal Drivers   : 5
 Total Blocks           : 3
 Total Primitive Blocks : 2
 Total Processes        : 2
 Total Traceable Variables  : 8
 Total Scalar Nets and Variables : 365
Total Line Count : 14

 Total Simulation Time: 0.046875 sec

 Current Memory Usage: 4679.68 Meg

Wed Mar 29 02:09:08 2023

